<?xml version="1.0" encoding="UTF-8"?>
<testng-results skipped="0" failed="0" total="1" passed="1">
  <reporter-output>
  </reporter-output>
  <suite name="Default suite" duration-ms="14548" started-at="2019-03-15T08:48:41Z" finished-at="2019-03-15T08:48:55Z">
    <groups>
    </groups>
    <test name="Default test" duration-ms="14548" started-at="2019-03-15T08:48:41Z" finished-at="2019-03-15T08:48:55Z">
      <class name="com.autoIt.FileUpload">
        <test-method status="PASS" signature="test()[pri:0, instance:com.autoIt.FileUpload@76ae34]" name="test" duration-ms="14530" started-at="2019-03-15T14:18:41Z" finished-at="2019-03-15T14:18:55Z">
          <reporter-output>
          </reporter-output>
        </test-method> <!-- test -->
      </class> <!-- com.autoIt.FileUpload -->
    </test> <!-- Default test -->
  </suite> <!-- Default suite -->
</testng-results>
